# THREADS
TID	NAME	CLASS
0	test1	org.cooperari.junit.CJUnitRunner$MethodRunner
1	<1>	org.cooperari.examples.RaceDetection$$Lambda$1/251202280
2	<2>	org.cooperari.examples.RaceDetection$$Lambda$2/1541399006
# EXECUTION TRACE
#	TID	STEP	EVENT	SOURCE FILE	LINE	YIELD POINT	STAGE
0	0	0	-	<system>	0	<started>	0
1	0	1	-	RaceDetection.java	45	field-set(org.cooperari.examples.RaceDetection.SharedData.value)	0
2	0	2	-	RaceDetection.java	57	field-set(org.cooperari.examples.RaceDetection.data)	0
3	0	3	-	RaceDetection.java	69	org.cooperari.CSystem.forkAndJoin(Runnable[])	0
4	0	4	-	RaceDetection.java	69	org.cooperari.CSystem.forkAndJoin(Runnable[])	1
5	1	0	-	<system>	0	<started>	0
6	2	0	-	<system>	0	<started>	0
7	2	1	-	RaceDetection.java	69	field-get(org.cooperari.examples.RaceDetection.data)	0
8	2	2	-	RaceDetection.java	69	field-get(org.cooperari.examples.RaceDetection.SharedData.value)	0
9	1	1	-	RaceDetection.java	69	field-get(org.cooperari.examples.RaceDetection.data)	0
10	1	2	-	RaceDetection.java	69	field-get(org.cooperari.examples.RaceDetection.SharedData.value)	0
11	2	3	-	RaceDetection.java	69	field-set(org.cooperari.examples.RaceDetection.SharedData.value)	0
12	1	3	-	RaceDetection.java	69	field-set(org.cooperari.examples.RaceDetection.SharedData.value)	0
13	2	4	-	<system>	0	<terminated>	0
14	1	4	-	<system>	0	<terminated>	0
15	0	5	-	RaceDetection.java	70	field-get(org.cooperari.examples.RaceDetection.data)	0
16	0	6	-	RaceDetection.java	70	field-get(org.cooperari.examples.RaceDetection.SharedData.value)	0
17	0	7	-	<system>	0	<terminated>	0
# STACK TRACE FOR FAILURE
java.lang.AssertionError: expected:<2> but was:<1>
	at org.junit.Assert.fail(Assert.java:89)
	at org.junit.Assert.failNotEquals(Assert.java:835)
	at org.junit.Assert.assertEquals(Assert.java:647)
	at org.junit.Assert.assertEquals(Assert.java:633)
	at org.cooperari.examples.RaceDetection.test1(RaceDetection.java:70)
	at sun.reflect.NativeMethodAccessorImpl.invoke0(Native Method)
	at sun.reflect.NativeMethodAccessorImpl.invoke(NativeMethodAccessorImpl.java:62)
	at sun.reflect.DelegatingMethodAccessorImpl.invoke(DelegatingMethodAccessorImpl.java:43)
	at java.lang.reflect.Method.invoke(Method.java:498)
	at org.junit.runners.model.FrameworkMethod$1.runReflectiveCall(FrameworkMethod.java:59)
	at org.junit.internal.runners.model.ReflectiveCallable.run(ReflectiveCallable.java:12)
	at org.junit.runners.model.FrameworkMethod.invokeExplosively(FrameworkMethod.java:56)
	at org.junit.internal.runners.statements.InvokeMethod.evaluate(InvokeMethod.java:17)
	at org.junit.internal.runners.statements.RunBefores.evaluate(RunBefores.java:26)
	at org.cooperari.junit.CJUnitRunner$MethodRunner.run(CJUnitRunner.java:226)
	at org.cooperari.core.CThread.run(CThread.java:188)
